2026-07-17 08:35:16,366 - Agent Added : Rahul
2026-07-17 08:35:16,367 - Agent Added : Priya
2026-07-17 08:35:16,367 - Ticket Created : T101
2026-07-17 08:35:16,367 - Ticket Created : T102
2026-07-17 08:35:16,368 - Ticket T101 Assigned To Rahul
2026-07-17 08:35:16,370 - Ticket T102 Assigned To Priya
2026-07-17 08:35:16,370 - Ticket T101 Closed
2026-07-17 08:35:16,372 - All Tickets Saved
2026-07-18 08:13:13,879 - Agent Added : Rahul
2026-07-18 08:13:13,880 - Agent Added : Priya
2026-07-18 08:13:13,880 - Ticket Created : T101
2026-07-18 08:13:13,880 - Ticket Created : T102
2026-07-18 08:13:13,881 - Ticket T101 Assigned To Rahul
2026-07-18 08:13:13,882 - Ticket T102 Assigned To Priya
2026-07-18 08:13:13,882 - Ticket T101 Closed
2026-07-18 08:13:13,884 - All Tickets Saved
2026-07-18 08:14:27,966 - Agent Added : Rahul
2026-07-18 08:14:27,967 - Agent Added : Priya
2026-07-18 08:14:27,967 - Ticket Created : T101
2026-07-18 08:14:27,967 - Ticket Created : T102
2026-07-18 08:14:27,969 - Ticket T101 Assigned To Rahul
2026-07-18 08:14:27,969 - Ticket T102 Assigned To Priya
2026-07-18 08:14:27,970 - Ticket T101 Closed
2026-07-18 08:14:27,971 - All Tickets Saved
2026-07-18 08:34:17,219 - Agent Added : Rahul
2026-07-18 08:34:17,220 - Agent Added : Priya
2026-07-18 08:34:17,296 - Ticket Created : T101
2026-07-18 08:34:17,297 - Ticket Created : T102
2026-07-18 08:34:17,298 - Ticket T101 Assigned To Rahul
2026-07-18 08:34:17,298 - Ticket T102 Assigned To Priya
2026-07-18 08:34:17,298 - Ticket T101 Closed
2026-07-18 08:34:17,299 - All Tickets Saved
2026-07-18 08:37:48,819 - Agent Added : Rahul
2026-07-18 08:37:48,819 - Agent Added : Priya
2026-07-18 08:37:48,852 - Ticket Created : T101
2026-07-18 08:37:48,855 - Ticket Created : T102
2026-07-18 08:37:48,856 - Ticket T101 Assigned To Rahul
2026-07-18 08:37:48,856 - Ticket T102 Assigned To Priya
2026-07-18 08:37:48,856 - Ticket T101 Closed
2026-07-18 08:37:48,857 - All Tickets Saved
